c:\users\marti\documents\github\mage\mage_engine\mage_engine\debug\vc141.pdb
c:\users\marti\documents\github\mage\mage_engine\mage_engine\debug\vc141.idb
c:\users\marti\documents\github\mage\mage_engine\mage_engine\debug\transform.obj
c:\users\marti\documents\github\mage\mage_engine\mage_engine\debug\world.obj
c:\users\marti\documents\github\mage\mage_engine\mage_engine\debug\vector3i.obj
c:\users\marti\documents\github\mage\mage_engine\mage_engine\debug\vector3f.obj
c:\users\marti\documents\github\mage\mage_engine\mage_engine\debug\vector2i.obj
c:\users\marti\documents\github\mage\mage_engine\mage_engine\debug\vector2f.obj
c:\users\marti\documents\github\mage\mage_engine\mage_engine\debug\visualization.obj
c:\users\marti\documents\github\mage\mage_engine\mage_engine\debug\main.obj
c:\users\marti\documents\github\mage\mage_engine\mage_engine\debug\meshgl.obj
c:\users\marti\documents\github\mage\mage_engine\mage_engine\debug\maths.obj
c:\users\marti\documents\github\mage\mage_engine\mage_engine\debug\matrix4f.obj
c:\users\marti\documents\github\mage\mage_engine\mage_engine\debug\component.obj
c:\users\marti\documents\github\mage\mage_engine\mage_engine\debug\entity.obj
c:\users\marti\documents\github\mage\mage_engine\mage_engine\debug\mesh.obj
c:\users\marti\documents\github\mage\mage_engine\mage_engine\debug\camera.obj
c:\users\marti\documents\github\mage\mage_engine\mage_engine\debug\physics.obj
c:\users\marti\documents\github\mage\mage_engine\mage_engine\debug\rigidbody.obj
c:\users\marti\documents\github\mage\mage_engine\mage_engine\debug\spherecollider.obj
c:\users\marti\documents\github\mage\mage_engine\mage_engine\debug\planecollider.obj
c:\users\marti\documents\github\mage\mage_engine\mage_engine\debug\glad.obj
c:\users\marti\documents\github\mage\mage_engine\mage_engine\debug\inputmanager.obj
c:\users\marti\documents\github\mage\mage_engine\debug\mage_engine.pdb
c:\users\marti\documents\github\mage\mage_engine\mage_engine\debug\mage_engine.tlog\cl.command.1.tlog
c:\users\marti\documents\github\mage\mage_engine\mage_engine\debug\mage_engine.tlog\cl.read.1.tlog
c:\users\marti\documents\github\mage\mage_engine\mage_engine\debug\mage_engine.tlog\cl.write.1.tlog
c:\users\marti\documents\github\mage\mage_engine\mage_engine\debug\mage_engine.tlog\link-cvtres.read.1.tlog
c:\users\marti\documents\github\mage\mage_engine\mage_engine\debug\mage_engine.tlog\link-cvtres.write.1.tlog
c:\users\marti\documents\github\mage\mage_engine\mage_engine\debug\mage_engine.tlog\link-rc.read.1.tlog
c:\users\marti\documents\github\mage\mage_engine\mage_engine\debug\mage_engine.tlog\link-rc.write.1.tlog
c:\users\marti\documents\github\mage\mage_engine\mage_engine\debug\mage_engine.tlog\link.2884-cvtres.read.1.tlog
c:\users\marti\documents\github\mage\mage_engine\mage_engine\debug\mage_engine.tlog\link.2884-cvtres.write.1.tlog
c:\users\marti\documents\github\mage\mage_engine\mage_engine\debug\mage_engine.tlog\link.2884-rc.read.1.tlog
c:\users\marti\documents\github\mage\mage_engine\mage_engine\debug\mage_engine.tlog\link.2884-rc.write.1.tlog
c:\users\marti\documents\github\mage\mage_engine\mage_engine\debug\mage_engine.tlog\link.2884.read.1.tlog
c:\users\marti\documents\github\mage\mage_engine\mage_engine\debug\mage_engine.tlog\link.2884.write.1.tlog
c:\users\marti\documents\github\mage\mage_engine\mage_engine\debug\mage_engine.tlog\link.command.1.tlog
c:\users\marti\documents\github\mage\mage_engine\mage_engine\debug\mage_engine.tlog\link.read.1.tlog
c:\users\marti\documents\github\mage\mage_engine\mage_engine\debug\mage_engine.tlog\link.write.1.tlog
