c:\users\marti\documents\github\mage\mage_engine\mage_server\debug\mage_server.pch
c:\users\marti\documents\github\mage\mage_engine\mage_server\debug\vc141.pdb
c:\users\marti\documents\github\mage\mage_engine\mage_server\debug\vc141.idb
c:\users\marti\documents\github\mage\mage_engine\mage_server\debug\pch.obj
c:\users\marti\documents\github\mage\mage_engine\mage_server\debug\server.obj
c:\users\marti\documents\github\mage\mage_engine\mage_server\debug\main.obj
c:\users\marti\documents\github\mage\mage_engine\mage_server\debug\connecteduser.obj
c:\users\marti\documents\github\mage\mage_engine\mage_server\debug\vector3i.obj
c:\users\marti\documents\github\mage\mage_engine\mage_server\debug\vector3f.obj
c:\users\marti\documents\github\mage\mage_engine\mage_server\debug\vector2i.obj
c:\users\marti\documents\github\mage\mage_engine\mage_server\debug\vector2f.obj
c:\users\marti\documents\github\mage\mage_engine\mage_server\debug\matrix4f.obj
c:\users\marti\documents\github\mage\mage_engine\mage_server\debug\maths.obj
c:\users\marti\documents\github\mage\mage_engine\debug\mage_server.ilk
c:\users\marti\documents\github\mage\mage_engine\debug\mage_server.exe
c:\users\marti\documents\github\mage\mage_engine\debug\mage_server.pdb
c:\users\marti\documents\github\mage\mage_engine\mage_server\debug\mage_server.tlog\cl.command.1.tlog
c:\users\marti\documents\github\mage\mage_engine\mage_server\debug\mage_server.tlog\cl.read.1.tlog
c:\users\marti\documents\github\mage\mage_engine\mage_server\debug\mage_server.tlog\cl.write.1.tlog
c:\users\marti\documents\github\mage\mage_engine\mage_server\debug\mage_server.tlog\link.command.1.tlog
c:\users\marti\documents\github\mage\mage_engine\mage_server\debug\mage_server.tlog\link.read.1.tlog
c:\users\marti\documents\github\mage\mage_engine\mage_server\debug\mage_server.tlog\link.write.1.tlog
