  pch.cpp
  Maths.cpp
  Matrix4f.cpp
  Vector2f.cpp
c:\users\marti\documents\github\mage\mage_engine\utilities\vector2f.cpp(22): warning C4244: 'return': conversion from 'double' to 'float', possible loss of data
c:\users\marti\documents\github\mage\mage_engine\utilities\vector2f.cpp(46): warning C4244: 'return': conversion from 'double' to 'float', possible loss of data
  Vector2i.cpp
c:\users\marti\documents\github\mage\mage_engine\utilities\vector2i.cpp(22): warning C4244: 'return': conversion from 'double' to 'float', possible loss of data
c:\users\marti\documents\github\mage\mage_engine\utilities\vector2i.cpp(28): warning C4244: 'argument': conversion from 'float' to 'const int', possible loss of data
c:\users\marti\documents\github\mage\mage_engine\utilities\vector2i.cpp(34): warning C4244: '=': conversion from 'float' to 'int', possible loss of data
c:\users\marti\documents\github\mage\mage_engine\utilities\vector2i.cpp(35): warning C4244: '=': conversion from 'float' to 'int', possible loss of data
c:\users\marti\documents\github\mage\mage_engine\utilities\vector2i.cpp(41): warning C4244: 'return': conversion from 'int' to 'float', possible loss of data
c:\users\marti\documents\github\mage\mage_engine\utilities\vector2i.cpp(46): warning C4244: 'return': conversion from 'double' to 'float', possible loss of data
  Vector3f.cpp
c:\users\marti\documents\github\mage\mage_engine\utilities\vector3f.cpp(26): warning C4244: 'return': conversion from 'double' to 'float', possible loss of data
c:\users\marti\documents\github\mage\mage_engine\utilities\vector3f.cpp(51): warning C4244: 'return': conversion from 'double' to 'float', possible loss of data
  Vector3i.cpp
c:\users\marti\documents\github\mage\mage_engine\utilities\vector3i.cpp(4): warning C4244: 'initializing': conversion from 'float' to 'int', possible loss of data
c:\users\marti\documents\github\mage\mage_engine\utilities\vector3i.cpp(5): warning C4244: 'initializing': conversion from 'float' to 'int', possible loss of data
c:\users\marti\documents\github\mage\mage_engine\utilities\vector3i.cpp(6): warning C4244: 'initializing': conversion from 'float' to 'int', possible loss of data
c:\users\marti\documents\github\mage\mage_engine\utilities\vector3i.cpp(26): warning C4244: 'return': conversion from 'double' to 'float', possible loss of data
c:\users\marti\documents\github\mage\mage_engine\utilities\vector3i.cpp(32): warning C4244: 'argument': conversion from 'float' to 'const int', possible loss of data
c:\users\marti\documents\github\mage\mage_engine\utilities\vector3i.cpp(38): warning C4244: '=': conversion from 'float' to 'int', possible loss of data
c:\users\marti\documents\github\mage\mage_engine\utilities\vector3i.cpp(39): warning C4244: '=': conversion from 'float' to 'int', possible loss of data
c:\users\marti\documents\github\mage\mage_engine\utilities\vector3i.cpp(40): warning C4244: '=': conversion from 'float' to 'int', possible loss of data
c:\users\marti\documents\github\mage\mage_engine\utilities\vector3i.cpp(47): warning C4244: 'return': conversion from 'int' to 'float', possible loss of data
c:\users\marti\documents\github\mage\mage_engine\utilities\vector3i.cpp(52): warning C4244: 'return': conversion from 'double' to 'float', possible loss of data
  ConnectedUser.cpp
  main.cpp
  Server.cpp
  Generating Code...
  Mage_Server.vcxproj -> C:\Users\marti\Documents\GitHub\MAGE\MAGE_Engine\Debug\Mage_Server.exe
