  Camera.cpp
  Entity.cpp
  Physics.cpp
c:\users\marti\documents\github\mage\mage_engine\mage_engine\src\physics.cpp(10): warning C4305: 'initializing': truncation from 'double' to 'float'
  World.cpp
c:\users\marti\documents\github\mage\mage_engine\mage_engine\src\world.cpp(133): warning C4244: 'argument': conversion from 'int' to 'const float', possible loss of data
c:\users\marti\documents\github\mage\mage_engine\mage_engine\src\world.cpp(134): warning C4244: 'argument': conversion from 'int' to 'const float', possible loss of data
c:\users\marti\documents\github\mage\mage_engine\mage_engine\src\world.cpp(159): warning C4305: '-=': truncation from 'double' to 'float'
  Generating Code...
Visualization.obj : error LNK2019: unresolved external symbol glfwInit referenced in function "public: bool __cdecl Visualization::initialise(void)" (?initialise@Visualization@@QEAA_NXZ)
Visualization.obj : error LNK2019: unresolved external symbol glfwTerminate referenced in function "public: __cdecl Visualization::~Visualization(void)" (??1Visualization@@QEAA@XZ)
Visualization.obj : error LNK2019: unresolved external symbol glfwWindowHint referenced in function "public: bool __cdecl Visualization::initialise(void)" (?initialise@Visualization@@QEAA_NXZ)
Visualization.obj : error LNK2019: unresolved external symbol glfwCreateWindow referenced in function "public: bool __cdecl Visualization::initialise(void)" (?initialise@Visualization@@QEAA_NXZ)
Visualization.obj : error LNK2019: unresolved external symbol glfwWindowShouldClose referenced in function "public: void __cdecl Visualization::clear(void)" (?clear@Visualization@@QEAAXXZ)
Visualization.obj : error LNK2019: unresolved external symbol glfwSetFramebufferSizeCallback referenced in function "public: bool __cdecl Visualization::initialise(void)" (?initialise@Visualization@@QEAA_NXZ)
Visualization.obj : error LNK2019: unresolved external symbol glfwMakeContextCurrent referenced in function "public: bool __cdecl Visualization::initialise(void)" (?initialise@Visualization@@QEAA_NXZ)
Visualization.obj : error LNK2019: unresolved external symbol glfwSwapBuffers referenced in function "public: void __cdecl Visualization::display(void)" (?display@Visualization@@QEAAXXZ)
Visualization.obj : error LNK2019: unresolved external symbol glfwGetProcAddress referenced in function "public: bool __cdecl Visualization::initialise(void)" (?initialise@Visualization@@QEAA_NXZ)
World.obj : error LNK2019: unresolved external symbol glfwPollEvents referenced in function "public: void __cdecl World::Run(void)" (?Run@World@@QEAAXXZ)
C:\Users\marti\Documents\GitHub\MAGE\MAGE_Engine\Dependencies\lib\glfw3.lib : warning LNK4272: library machine type 'x86' conflicts with target machine type 'x64'
C:\Users\marti\Documents\GitHub\MAGE\MAGE_Engine\x64\Debug\MAGE_Engine.exe : fatal error LNK1120: 10 unresolved externals
